android/app/build/intermediates/manifest_merge_blame_file/debug/manifest-merger-blame-debug-report.txt
1<?xml version="1.0" encoding="utf-8"?>
2<manifest xmlns:android="http://schemas.android.com/apk/res/android"
3    package="com.firsttask"
4    android:versionCode="1"
5    android:versionName="1.0" >
6
7    <uses-sdk
8        android:minSdkVersion="21"
9        android:targetSdkVersion="29" />
10
11    <uses-permission android:name="android.permission.SYSTEM_ALERT_WINDOW" />
11-->src/debug/AndroidManifest.xml:5:5-77
11-->src/debug/AndroidManifest.xml:5:22-75
12    <uses-permission android:name="android.permission.INTERNET" />
12-->src/main/AndroidManifest.xml:4:5-67
12-->src/main/AndroidManifest.xml:4:22-64
13    <uses-permission android:name="android.permission.READ_EXTERNAL_STORAGE" />
13-->src/main/AndroidManifest.xml:5:5-79
13-->src/main/AndroidManifest.xml:5:22-77
14    <uses-permission android:name="android.permission.WRITE_EXTERNAL_STORAGE" />
14-->src/main/AndroidManifest.xml:6:5-80
14-->src/main/AndroidManifest.xml:6:22-78
15    <uses-permission android:name="android.permission.CAMERA" />
15-->src/main/AndroidManifest.xml:7:5-65
15-->src/main/AndroidManifest.xml:7:22-62
16    <uses-permission android:name="android.permission.RECORD_AUDIO" />
16-->src/main/AndroidManifest.xml:8:5-70
16-->src/main/AndroidManifest.xml:8:22-68
17    <uses-permission android:name="android.permission.ACCESS_BACKGROUND_LOCATION" />
17-->src/main/AndroidManifest.xml:9:5-85
17-->src/main/AndroidManifest.xml:9:22-82
18    <uses-permission android:name="android.permission.ACCESS_COARSE_LOCATION" />
18-->src/main/AndroidManifest.xml:10:5-81
18-->src/main/AndroidManifest.xml:10:22-78
19    <uses-permission android:name="android.permission.ACCESS_FINE_LOCATION" />
19-->src/main/AndroidManifest.xml:11:5-79
19-->src/main/AndroidManifest.xml:11:22-76
20    <uses-permission android:name="android.permission.ACCESS_BACKGROUND_LOCATION" />
20-->src/main/AndroidManifest.xml:9:5-85
20-->src/main/AndroidManifest.xml:9:22-82
21    <uses-permission android:name="android.permission.USE_BIOMETRIC" />
21-->src/main/AndroidManifest.xml:13:5-72
21-->src/main/AndroidManifest.xml:13:22-69
22    <uses-permission android:name="android.permission.USE_FINGERPRINT" />
22-->src/main/AndroidManifest.xml:14:5-74
22-->src/main/AndroidManifest.xml:14:22-71
23    <uses-permission android:name="android.permission.ACCESS_WIFI_STATE" />
23-->[com.facebook.flipper:flipper:0.75.1] AndroidManifest.xml:16:5-76
23-->[com.facebook.flipper:flipper:0.75.1] AndroidManifest.xml:16:22-73
24    <uses-permission android:name="android.permission.ACCESS_NETWORK_STATE" />
24-->[:sentry_react-native] AndroidManifest.xml:12:5-79
24-->[:sentry_react-native] AndroidManifest.xml:12:22-76
25
26    <uses-feature
26-->[:react-native-camera] AndroidManifest.xml:11:5-13:36
27        android:name="android.hardware.camera"
27-->[:react-native-camera] AndroidManifest.xml:12:9-47
28        android:required="false" />
28-->[:react-native-camera] AndroidManifest.xml:13:9-33
29    <uses-feature
29-->[:react-native-camera] AndroidManifest.xml:14:5-16:36
30        android:name="android.hardware.camera.autofocus"
30-->[:react-native-camera] AndroidManifest.xml:15:9-57
31        android:required="false" />
31-->[:react-native-camera] AndroidManifest.xml:16:9-33
32
33    <uses-permission android:name="com.fingerprints.service.ACCESS_FINGERPRINT_MANAGER" />
33-->[:react-native-fingerprint-scanner] AndroidManifest.xml:13:5-91
33-->[:react-native-fingerprint-scanner] AndroidManifest.xml:13:22-88
34    <uses-permission android:name="com.samsung.android.providers.context.permission.WRITE_USE_APP_FEATURE_SURVEY" />
34-->[:react-native-fingerprint-scanner] AndroidManifest.xml:14:5-117
34-->[:react-native-fingerprint-scanner] AndroidManifest.xml:14:22-114
35
36    <uses-feature
36-->[ly.img.android.sdk.ui.mobile_ui:photo-main:8.3.0] AndroidManifest.xml:25:5-27:35
37        android:glEsVersion="0x00020000"
37-->[ly.img.android.sdk.ui.mobile_ui:photo-main:8.3.0] AndroidManifest.xml:26:9-41
38        android:required="true" />
38-->[ly.img.android.sdk.ui.mobile_ui:photo-main:8.3.0] AndroidManifest.xml:27:9-32
39
40    <application
40-->src/main/AndroidManifest.xml:16:5-51:19
41        android:name="com.firsttask.MainApplication"
41-->src/main/AndroidManifest.xml:17:7-38
42        android:allowBackup="false"
42-->src/main/AndroidManifest.xml:21:7-34
43        android:appComponentFactory="androidx.core.app.CoreComponentFactory"
43-->[androidx.core:core:1.2.0] AndroidManifest.xml:24:18-86
44        android:debuggable="true"
45        android:icon="@mipmap/ic_launcher"
45-->src/main/AndroidManifest.xml:19:7-41
46        android:label="@string/app_name"
46-->src/main/AndroidManifest.xml:18:7-39
47        android:largeHeap="true"
47-->[ly.img.android.sdk.assets:sticker-shapes:8.3.0] AndroidManifest.xml:25:18-42
48        android:roundIcon="@mipmap/ic_launcher_round"
48-->src/main/AndroidManifest.xml:20:7-52
49        android:supportsRtl="true"
49-->[ly.img.android.sdk:serializer:8.3.0] AndroidManifest.xml:27:9-35
50        android:theme="@style/AppTheme"
50-->src/main/AndroidManifest.xml:22:7-38
51        android:usesCleartextTraffic="true" >
51-->src/debug/AndroidManifest.xml:8:9-44
52        <activity android:name="com.facebook.react.devsupport.DevSettingsActivity" />
52-->src/debug/AndroidManifest.xml:11:9-86
52-->src/debug/AndroidManifest.xml:11:19-83
53
54        <meta-data
54-->src/main/AndroidManifest.xml:23:7-25:66
55            android:name="com.google.android.geo.API_KEY"
55-->src/main/AndroidManifest.xml:24:9-54
56            android:value="AIzaSyCFYjOFVhiMRmOPWB5hEBUN9PCV5XEdf68" />
56-->src/main/AndroidManifest.xml:25:9-64
57
58        <uses-library
58-->src/main/AndroidManifest.xml:26:7-85
59            android:name="org.apache.http.legacy"
59-->src/main/AndroidManifest.xml:26:21-58
60            android:required="false" />
60-->src/main/AndroidManifest.xml:26:59-83
61
62        <activity
62-->src/main/AndroidManifest.xml:28:7-41:18
63            android:name="com.firsttask.MainActivity"
63-->src/main/AndroidManifest.xml:29:9-37
64            android:configChanges="keyboard|keyboardHidden|orientation|screenSize|uiMode"
64-->src/main/AndroidManifest.xml:31:9-86
65            android:exported="true"
65-->src/main/AndroidManifest.xml:33:9-32
66            android:label="@string/app_name"
66-->src/main/AndroidManifest.xml:30:9-41
67            android:launchMode="singleTask"
67-->src/main/AndroidManifest.xml:34:9-40
68            android:windowSoftInputMode="adjustResize" >
68-->src/main/AndroidManifest.xml:32:9-51
69
70            <!--
71        <intent-filter>
72            <action android:name="android.intent.action.MAIN" />
73            <category android:name="android.intent.category.LAUNCHER" />
74        </intent-filter>
75            -->
76        </activity>
77        <activity
77-->src/main/AndroidManifest.xml:42:7-50:16
78            android:name="com.zoontek.rnbootsplash.RNBootSplashActivity"
78-->src/main/AndroidManifest.xml:43:9-69
79            android:launchMode="singleTask"
79-->src/main/AndroidManifest.xml:45:9-40
80            android:theme="@style/BootTheme" >
80-->src/main/AndroidManifest.xml:44:9-41
81            <intent-filter>
81-->src/main/AndroidManifest.xml:46:7-49:23
82                <action android:name="android.intent.action.MAIN" />
82-->src/main/AndroidManifest.xml:47:9-61
82-->src/main/AndroidManifest.xml:47:17-58
83
84                <category android:name="android.intent.category.LAUNCHER" />
84-->src/main/AndroidManifest.xml:48:9-69
84-->src/main/AndroidManifest.xml:48:19-66
85            </intent-filter>
86        </activity>
87
88        <meta-data
88-->[:sentry_react-native] AndroidManifest.xml:15:9-17:37
89            android:name="io.sentry.auto-init"
89-->[:sentry_react-native] AndroidManifest.xml:16:13-47
90            android:value="false" />
90-->[:sentry_react-native] AndroidManifest.xml:17:13-34
91
92        <activity android:name="com.masteratul.exceptionhandler.DefaultErrorScreen" >
92-->[:react-native-exception-handler] AndroidManifest.xml:12:9-13:20
92-->[:react-native-exception-handler] AndroidManifest.xml:12:19-84
93        </activity>
94
95        <provider
95-->[:react-native-photoeditorsdk] AndroidManifest.xml:13:9-18:47
96            android:name="ly.img.android.IMGLYAutoInit"
96-->[:react-native-photoeditorsdk] AndroidManifest.xml:14:13-56
97            android:authorities="com.firsttask.IMGLYAutoInit"
97-->[:react-native-photoeditorsdk] AndroidManifest.xml:15:13-65
98            android:enabled="false"
98-->[:react-native-photoeditorsdk] AndroidManifest.xml:16:13-36
99            android:exported="false" />
99-->[:react-native-photoeditorsdk] AndroidManifest.xml:17:13-37
100        <provider
100-->[:react-native-webview] AndroidManifest.xml:12:9-20:20
101            android:name="com.reactnativecommunity.webview.RNCWebViewFileProvider"
101-->[:react-native-webview] AndroidManifest.xml:13:13-83
102            android:authorities="com.firsttask.fileprovider"
102-->[:react-native-webview] AndroidManifest.xml:14:13-64
103            android:exported="false"
103-->[:react-native-webview] AndroidManifest.xml:15:13-37
104            android:grantUriPermissions="true" >
104-->[:react-native-webview] AndroidManifest.xml:16:13-47
105            <meta-data
105-->[:react-native-webview] AndroidManifest.xml:17:13-19:63
106                android:name="android.support.FILE_PROVIDER_PATHS"
106-->[:react-native-webview] AndroidManifest.xml:18:17-67
107                android:resource="@xml/file_provider_paths" />
107-->[:react-native-webview] AndroidManifest.xml:19:17-60
108        </provider>
109
110        <activity
110-->[ly.img.android.sdk.ui.mobile_ui:photo-main:8.3.0] AndroidManifest.xml:30:9-39:20
111            android:name="ly.img.android.pesdk.ui.activity.PhotoEditorActivity"
111-->[ly.img.android.sdk.ui.mobile_ui:photo-main:8.3.0] AndroidManifest.xml:31:13-80
112            android:configChanges="keyboard|keyboardHidden|screenSize"
112-->[ly.img.android.sdk.ui.mobile_ui:photo-main:8.3.0] AndroidManifest.xml:32:13-71
113            android:exported="true"
113-->[ly.img.android.sdk.ui.mobile_ui:photo-main:8.3.0] AndroidManifest.xml:33:13-36
114            android:hardwareAccelerated="true"
114-->[ly.img.android.sdk.ui.mobile_ui:photo-main:8.3.0] AndroidManifest.xml:34:13-47
115            android:label="@string/app_name"
115-->[ly.img.android.sdk.ui.mobile_ui:photo-main:8.3.0] AndroidManifest.xml:35:13-45
116            android:screenOrientation="portrait"
116-->[ly.img.android.sdk.ui.mobile_ui:photo-main:8.3.0] AndroidManifest.xml:36:13-49
117            android:theme="@android:style/Theme.NoTitleBar.Fullscreen"
117-->[ly.img.android.sdk.ui.mobile_ui:photo-main:8.3.0] AndroidManifest.xml:37:13-71
118            android:windowSoftInputMode="adjustPan" >
118-->[ly.img.android.sdk.ui.mobile_ui:photo-main:8.3.0] AndroidManifest.xml:38:13-52
119        </activity>
120        <activity
120-->[ly.img.android.sdk.ui.mobile_ui:all:8.3.0] AndroidManifest.xml:35:9-44:20
121            android:name="ly.img.android.pesdk.ui.activity.EditorActivity"
121-->[ly.img.android.sdk.ui.mobile_ui:all:8.3.0] AndroidManifest.xml:36:13-75
122            android:configChanges="keyboard|keyboardHidden|screenSize"
122-->[ly.img.android.sdk.ui.mobile_ui:all:8.3.0] AndroidManifest.xml:37:13-71
123            android:exported="true"
123-->[ly.img.android.sdk.ui.mobile_ui:all:8.3.0] AndroidManifest.xml:38:13-36
124            android:hardwareAccelerated="true"
124-->[ly.img.android.sdk.ui.mobile_ui:all:8.3.0] AndroidManifest.xml:39:13-47
125            android:label="@string/app_name"
125-->[ly.img.android.sdk.ui.mobile_ui:all:8.3.0] AndroidManifest.xml:40:13-45
126            android:screenOrientation="portrait"
126-->[ly.img.android.sdk.ui.mobile_ui:all:8.3.0] AndroidManifest.xml:41:13-49
127            android:theme="@android:style/Theme.NoTitleBar.Fullscreen"
127-->[ly.img.android.sdk.ui.mobile_ui:all:8.3.0] AndroidManifest.xml:42:13-71
128            android:windowSoftInputMode="adjustPan" >
128-->[ly.img.android.sdk.ui.mobile_ui:all:8.3.0] AndroidManifest.xml:43:13-52
129        </activity>
130        <activity
130-->[androidx.biometric:biometric:1.0.1] AndroidManifest.xml:28:9-31:67
131            android:name="androidx.biometric.DeviceCredentialHandlerActivity"
131-->[androidx.biometric:biometric:1.0.1] AndroidManifest.xml:29:13-78
132            android:exported="true"
132-->[androidx.biometric:biometric:1.0.1] AndroidManifest.xml:30:13-36
133            android:theme="@style/DeviceCredentialHandlerTheme" />
133-->[androidx.biometric:biometric:1.0.1] AndroidManifest.xml:31:13-64
134
135        <service
135-->[com.google.android.gms:play-services-mlkit-barcode-scanning:16.2.0] AndroidManifest.xml:9:9-15:19
136            android:name="com.google.mlkit.common.internal.MlKitComponentDiscoveryService"
136-->[com.google.android.gms:play-services-mlkit-barcode-scanning:16.2.0] AndroidManifest.xml:10:13-91
137            android:directBootAware="true"
137-->[com.google.mlkit:common:17.2.0] AndroidManifest.xml:17:13-43
138            android:exported="false" >
138-->[com.google.android.gms:play-services-mlkit-barcode-scanning:16.2.0] AndroidManifest.xml:11:13-37
139            <meta-data
139-->[com.google.android.gms:play-services-mlkit-barcode-scanning:16.2.0] AndroidManifest.xml:12:13-14:85
140                android:name="com.google.firebase.components:com.google.mlkit.vision.barcode.internal.BarcodeRegistrar"
140-->[com.google.android.gms:play-services-mlkit-barcode-scanning:16.2.0] AndroidManifest.xml:13:17-120
141                android:value="com.google.firebase.components.ComponentRegistrar" />
141-->[com.google.android.gms:play-services-mlkit-barcode-scanning:16.2.0] AndroidManifest.xml:14:17-82
142            <meta-data
142-->[com.google.android.gms:play-services-mlkit-face-detection:16.2.0] AndroidManifest.xml:12:13-14:85
143                android:name="com.google.firebase.components:com.google.mlkit.vision.face.internal.FaceRegistrar"
143-->[com.google.android.gms:play-services-mlkit-face-detection:16.2.0] AndroidManifest.xml:13:17-114
144                android:value="com.google.firebase.components.ComponentRegistrar" />
144-->[com.google.android.gms:play-services-mlkit-face-detection:16.2.0] AndroidManifest.xml:14:17-82
145            <meta-data
145-->[com.google.android.gms:play-services-mlkit-text-recognition:16.3.0] AndroidManifest.xml:12:13-14:85
146                android:name="com.google.firebase.components:com.google.mlkit.vision.text.internal.TextRegistrar"
146-->[com.google.android.gms:play-services-mlkit-text-recognition:16.3.0] AndroidManifest.xml:13:17-114
147                android:value="com.google.firebase.components.ComponentRegistrar" />
147-->[com.google.android.gms:play-services-mlkit-text-recognition:16.3.0] AndroidManifest.xml:14:17-82
148            <meta-data
148-->[com.google.mlkit:vision-common:16.5.0] AndroidManifest.xml:12:13-14:85
149                android:name="com.google.firebase.components:com.google.mlkit.vision.common.internal.VisionCommonRegistrar"
149-->[com.google.mlkit:vision-common:16.5.0] AndroidManifest.xml:13:17-124
150                android:value="com.google.firebase.components.ComponentRegistrar" />
150-->[com.google.mlkit:vision-common:16.5.0] AndroidManifest.xml:14:17-82
151            <meta-data
151-->[com.google.mlkit:common:17.2.0] AndroidManifest.xml:20:13-22:85
152                android:name="com.google.firebase.components:com.google.mlkit.common.internal.CommonComponentRegistrar"
152-->[com.google.mlkit:common:17.2.0] AndroidManifest.xml:21:17-120
153                android:value="com.google.firebase.components.ComponentRegistrar" />
153-->[com.google.mlkit:common:17.2.0] AndroidManifest.xml:22:17-82
154        </service>
155
156        <provider
156-->[com.google.mlkit:common:17.2.0] AndroidManifest.xml:9:9-13:38
157            android:name="com.google.mlkit.common.internal.MlKitInitProvider"
157-->[com.google.mlkit:common:17.2.0] AndroidManifest.xml:10:13-78
158            android:authorities="com.firsttask.mlkitinitprovider"
158-->[com.google.mlkit:common:17.2.0] AndroidManifest.xml:11:13-69
159            android:exported="false"
159-->[com.google.mlkit:common:17.2.0] AndroidManifest.xml:12:13-37
160            android:initOrder="99" />
160-->[com.google.mlkit:common:17.2.0] AndroidManifest.xml:13:13-35
161
162        <activity
162-->[com.google.android.gms:play-services-base:17.6.0] AndroidManifest.xml:23:9-26:75
163            android:name="com.google.android.gms.common.api.GoogleApiActivity"
163-->[com.google.android.gms:play-services-base:17.6.0] AndroidManifest.xml:24:13-79
164            android:exported="false"
164-->[com.google.android.gms:play-services-base:17.6.0] AndroidManifest.xml:25:13-37
165            android:theme="@android:style/Theme.Translucent.NoTitleBar" />
165-->[com.google.android.gms:play-services-base:17.6.0] AndroidManifest.xml:26:13-72
166
167        <meta-data
167-->[com.google.android.gms:play-services-basement:17.6.0] AndroidManifest.xml:23:9-25:69
168            android:name="com.google.android.gms.version"
168-->[com.google.android.gms:play-services-basement:17.6.0] AndroidManifest.xml:24:13-58
169            android:value="@integer/google_play_services_version" />
169-->[com.google.android.gms:play-services-basement:17.6.0] AndroidManifest.xml:25:13-66
170
171        <service
171-->[com.google.android.datatransport:transport-backend-cct:2.3.3] AndroidManifest.xml:29:9-35:19
172            android:name="com.google.android.datatransport.runtime.backends.TransportBackendDiscovery"
172-->[com.google.android.datatransport:transport-backend-cct:2.3.3] AndroidManifest.xml:30:13-103
173            android:exported="false" >
173-->[com.google.android.datatransport:transport-backend-cct:2.3.3] AndroidManifest.xml:31:13-37
174            <meta-data
174-->[com.google.android.datatransport:transport-backend-cct:2.3.3] AndroidManifest.xml:32:13-34:39
175                android:name="backend:com.google.android.datatransport.cct.CctBackendFactory"
175-->[com.google.android.datatransport:transport-backend-cct:2.3.3] AndroidManifest.xml:33:17-94
176                android:value="cct" />
176-->[com.google.android.datatransport:transport-backend-cct:2.3.3] AndroidManifest.xml:34:17-36
177        </service>
178        <service
178-->[com.google.android.datatransport:transport-runtime:2.2.6] AndroidManifest.xml:26:9-30:19
179            android:name="com.google.android.datatransport.runtime.scheduling.jobscheduling.JobInfoSchedulerService"
179-->[com.google.android.datatransport:transport-runtime:2.2.6] AndroidManifest.xml:27:13-117
180            android:exported="false"
180-->[com.google.android.datatransport:transport-runtime:2.2.6] AndroidManifest.xml:28:13-37
181            android:permission="android.permission.BIND_JOB_SERVICE" >
181-->[com.google.android.datatransport:transport-runtime:2.2.6] AndroidManifest.xml:29:13-69
182        </service>
183
184        <receiver
184-->[com.google.android.datatransport:transport-runtime:2.2.6] AndroidManifest.xml:32:9-34:40
185            android:name="com.google.android.datatransport.runtime.scheduling.jobscheduling.AlarmManagerSchedulerBroadcastReceiver"
185-->[com.google.android.datatransport:transport-runtime:2.2.6] AndroidManifest.xml:33:13-132
186            android:exported="false" /> <!-- 'android:authorities' must be unique in the device, across all apps -->
186-->[com.google.android.datatransport:transport-runtime:2.2.6] AndroidManifest.xml:34:13-37
187        <provider
187-->[io.sentry:sentry-android-core:5.1.0-beta.2] AndroidManifest.xml:14:9-17:40
188            android:name="io.sentry.android.core.SentryInitProvider"
188-->[io.sentry:sentry-android-core:5.1.0-beta.2] AndroidManifest.xml:15:13-69
189            android:authorities="com.firsttask.SentryInitProvider"
189-->[io.sentry:sentry-android-core:5.1.0-beta.2] AndroidManifest.xml:16:13-70
190            android:exported="false" />
190-->[io.sentry:sentry-android-core:5.1.0-beta.2] AndroidManifest.xml:17:13-37
191        <provider
191-->[io.sentry:sentry-android-core:5.1.0-beta.2] AndroidManifest.xml:18:9-22:39
192            android:name="io.sentry.android.core.SentryPerformanceProvider"
192-->[io.sentry:sentry-android-core:5.1.0-beta.2] AndroidManifest.xml:19:13-76
193            android:authorities="com.firsttask.SentryPerformanceProvider"
193-->[io.sentry:sentry-android-core:5.1.0-beta.2] AndroidManifest.xml:20:13-77
194            android:exported="false"
194-->[io.sentry:sentry-android-core:5.1.0-beta.2] AndroidManifest.xml:21:13-37
195            android:initOrder="200" />
195-->[io.sentry:sentry-android-core:5.1.0-beta.2] AndroidManifest.xml:22:13-36
196        <provider
196-->[androidx.lifecycle:lifecycle-process:2.2.0] AndroidManifest.xml:25:9-29:43
197            android:name="androidx.lifecycle.ProcessLifecycleOwnerInitializer"
197-->[androidx.lifecycle:lifecycle-process:2.2.0] AndroidManifest.xml:26:13-79
198            android:authorities="com.firsttask.lifecycle-process"
198-->[androidx.lifecycle:lifecycle-process:2.2.0] AndroidManifest.xml:27:13-69
199            android:exported="false"
199-->[androidx.lifecycle:lifecycle-process:2.2.0] AndroidManifest.xml:28:13-37
200            android:multiprocess="true" />
200-->[androidx.lifecycle:lifecycle-process:2.2.0] AndroidManifest.xml:29:13-40
201    </application>
202
203</manifest>